======================================================================
RANK-1 BOTTLENECK TEST MODEL SWEEP
======================================================================

Running 4 models...

======================================================================
RANK-1 BOTTLENECK TEST: BaBar phi-f0(980) vs phi-pi+pi-
======================================================================

Step 1: Data Acquisition (HEPData)
--------------------------------------------------
  Channel A: 40 points, E=[1.51, 2.49] GeV
  Channel B: 24 points, E=[1.91, 2.49] GeV

Resonances: phi(1680) (1.680 GeV) / phi(2170)/Y(2175) (2.162 GeV)
Likelihood: gaussian
Background: order 0

Step 2: Unconstrained Fits
--------------------------------------------------
  Fitting Channel A...
    r_A = 0.6233, φ_A = 108.0°
    χ²/dof = 1.141 (38.8/34) -> PASS
  Fitting Channel B...
    r_B = 0.8265, φ_B = 11.7°
    χ²/dof = 2.816 (50.7/18) -> PASS

Step 3: Fit Health Gates
--------------------------------------------------
  Channel A: PASS
  Channel B: PASS
  Overall: PASS

Step 4: Optimizer Stability Audit
--------------------------------------------------
  Phase identifiable: False
  r stable: True

Step 5: Joint Constrained Fit
--------------------------------------------------
  Shared: r = 0.2695, φ = -108.8°
  NLL_unconstrained = 44.75
  NLL_constrained = 215.82
  Λ = 342.1397

Step 6: Profile Likelihood Contours
--------------------------------------------------
  Shared in A 95%: False
  Shared in B 95%: False

Step 7: Bootstrap P-value
--------------------------------------------------
  Running 800 bootstrap replicates with 31 workers...
  Valid bootstrap samples: 800/800
  Bootstrap p-value = 0.0000

Step 8: VERDICT
==================================================
  DISFAVORED
  Magnitude-only: p=0.0000 < 0.05, shared outside 95%

Generating outputs...
  Saved to: /home/primary/DarkBItParticleColiderPredictions/model_sweep/runs/babar_phi_f0_vs_phi_pipi

======================================================================
RANK-1 BOTTLENECK TEST: BaBar K*(892)K I=0 vs I=1
======================================================================

Step 1: Data Acquisition (HEPData)
--------------------------------------------------
  Channel A: 38 points, E=[1.41, 2.38] GeV
  Channel B: 39 points, E=[1.41, 2.38] GeV

Resonances: phi(1680) (1.680 GeV) / phi(2170) (2.162 GeV)
Likelihood: gaussian
Background: order 0

Step 2: Unconstrained Fits
--------------------------------------------------
  Fitting Channel A...
    r_A = 0.4004, φ_A = 74.5°
    χ²/dof = 0.010 (0.3/32) -> UNDERCONSTRAINED
  Fitting Channel B...
    r_B = 0.8262, φ_B = 70.2°
    χ²/dof = 0.015 (0.5/33) -> UNDERCONSTRAINED

Step 3: Fit Health Gates
--------------------------------------------------
  Channel A: UNDERCONSTRAINED
  Channel B: UNDERCONSTRAINED
  Overall: FAIL

Step 4: Optimizer Stability Audit
--------------------------------------------------
  Phase identifiable: False
  r stable: False

Step 5: Joint Constrained Fit
--------------------------------------------------
  Shared: r = 0.5060, φ = 72.1°
  NLL_unconstrained = 0.41
  NLL_constrained = 0.44
  Λ = 0.0709

Step 6: Profile Likelihood Contours
--------------------------------------------------
  Shared in A 95%: True
  Shared in B 95%: True

Step 7: Bootstrap SKIPPED (gates failed or optimizer unstable)

Step 8: VERDICT
==================================================
  MODEL MISMATCH
  Fit health gates failed: A=UNDERCONSTRAINED, B=UNDERCONSTRAINED

Generating outputs...
  Saved to: /home/primary/DarkBItParticleColiderPredictions/model_sweep/runs/babar_kstar_k_isospin

======================================================================
RANK-1 BOTTLENECK TEST: BaBar omega(1420)/omega(1650)
======================================================================

Step 1: Data Acquisition (HEPData)
--------------------------------------------------
  Channel A: 41 points, E=[1.20, 2.20] GeV
  Channel B: 21 points, E=[1.70, 2.20] GeV

Resonances: omega(1420) (1.420 GeV) / omega(1650) (1.670 GeV)
Likelihood: gaussian
Background: order 0

Step 2: Unconstrained Fits
--------------------------------------------------
  Fitting Channel A...
    r_A = 1.3438, φ_A = -99.7°
    χ²/dof = 0.007 (0.2/35) -> UNDERCONSTRAINED
  Fitting Channel B...
    r_B = 0.0819, φ_B = -122.8°
    χ²/dof = 0.000 (0.0/15) -> UNDERCONSTRAINED

Step 3: Fit Health Gates
--------------------------------------------------
  Channel A: UNDERCONSTRAINED
  Channel B: UNDERCONSTRAINED
  Overall: FAIL

Step 4: Optimizer Stability Audit
--------------------------------------------------
  Phase identifiable: False
  r stable: False

Step 5: Joint Constrained Fit
--------------------------------------------------
  Shared: r = 0.6680, φ = -101.2°
  NLL_unconstrained = 0.12
  NLL_constrained = 76.28
  Λ = 152.3254

Step 6: Profile Likelihood Contours
--------------------------------------------------
  Shared in A 95%: False
  Shared in B 95%: True

Step 7: Bootstrap SKIPPED (gates failed or optimizer unstable)

Step 8: VERDICT
==================================================
  MODEL MISMATCH
  Fit health gates failed: A=UNDERCONSTRAINED, B=UNDERCONSTRAINED

Generating outputs...
  Saved to: /home/primary/DarkBItParticleColiderPredictions/model_sweep/runs/babar_omega_1420_1650

======================================================================
RANK-1 BOTTLENECK TEST: BaBar phi-eta vs K+K-eta
======================================================================

Step 1: Data Acquisition (HEPData)
--------------------------------------------------
  Channel A: 50 points, E=[1.61, 2.78] GeV
  Channel B: 14 points, E=[1.69, 2.78] GeV

Resonances: phi(1680) (1.680 GeV) / phi(2170) (2.162 GeV)
Likelihood: gaussian
Background: order 0

Step 2: Unconstrained Fits
--------------------------------------------------
  Fitting Channel A...
    r_A = 0.0451, φ_A = 42.7°
    χ²/dof = 0.018 (0.8/44) -> UNDERCONSTRAINED
  Fitting Channel B...
    r_B = 0.0656, φ_B = 21.9°
    χ²/dof = 0.023 (0.2/8) -> UNDERCONSTRAINED

Step 3: Fit Health Gates
--------------------------------------------------
  Channel A: UNDERCONSTRAINED
  Channel B: UNDERCONSTRAINED
  Overall: FAIL

Step 4: Optimizer Stability Audit
--------------------------------------------------
  Phase identifiable: False
  r stable: False

Step 5: Joint Constrained Fit
--------------------------------------------------
  Shared: r = 0.0484, φ = 35.6°
  NLL_unconstrained = 0.48
  NLL_constrained = 0.50
  Λ = 0.0371

Step 6: Profile Likelihood Contours
--------------------------------------------------
  Shared in A 95%: True
  Shared in B 95%: True

Step 7: Bootstrap SKIPPED (gates failed or optimizer unstable)

Step 8: VERDICT
==================================================
  MODEL MISMATCH
  Fit health gates failed: A=UNDERCONSTRAINED, B=UNDERCONSTRAINED

Generating outputs...
  Saved to: /home/primary/DarkBItParticleColiderPredictions/model_sweep/runs/babar_phi_eta_vs_kketa


======================================================================
GENERATING SUMMARY
======================================================================
  Saved CSV: /home/primary/DarkBItParticleColiderPredictions/model_sweep/out/MASTER_SUMMARY.csv
  Saved MD: /home/primary/DarkBItParticleColiderPredictions/model_sweep/out/MASTER_SUMMARY.md
  Saved JSON: /home/primary/DarkBItParticleColiderPredictions/model_sweep/out/all_results.json

======================================================================
SWEEP COMPLETE
======================================================================

Verdicts:
  DISFAVORED: 1
  MODEL MISMATCH: 3

Testable models:
  babar_phi_f0_vs_phi_pipi: DISFAVORED
  babar_kstar_k_isospin: MODEL MISMATCH
  babar_omega_1420_1650: MODEL MISMATCH
  babar_phi_eta_vs_kketa: MODEL MISMATCH

Models requiring data requests:
