======================================================================
RANK-1 BOTTLENECK TEST MODEL SWEEP
======================================================================

Running 2 models...

======================================================================
RANK-1 BOTTLENECK TEST: BaBar phi-f0(980) vs phi-pi+pi-
======================================================================

Step 1: Data Acquisition (HEPData)
--------------------------------------------------
  Channel A: 40 points, E=[1.51, 2.49] GeV
  Channel B: 24 points, E=[1.91, 2.49] GeV

Resonances: phi(1680) (1.680 GeV) / phi(2170)/Y(2175) (2.162 GeV)
Likelihood: gaussian
Background: order 0

Step 2: Unconstrained Fits
--------------------------------------------------
  Fitting Channel A...
    r_A = 0.6233, φ_A = 108.0°
    χ²/dof = 1.141 (38.8/34) -> PASS
  Fitting Channel B...
    r_B = 0.8265, φ_B = 11.7°
    χ²/dof = 2.816 (50.7/18) -> PASS

Step 3: Fit Health Gates
--------------------------------------------------
  Channel A: PASS
  Channel B: PASS
  Overall: PASS

Step 4: Optimizer Stability Audit
--------------------------------------------------
  Phase identifiable: False
  r stable: True

Step 5: Joint Constrained Fit
--------------------------------------------------
  Shared: r = 0.2695, φ = -108.8°
  NLL_unconstrained = 44.75
  NLL_constrained = 215.82
  Λ = 342.1397

Step 6: Profile Likelihood Contours
--------------------------------------------------
  Shared in A 95%: False
  Shared in B 95%: False

Step 7: Bootstrap P-value
--------------------------------------------------
  Running 800 bootstrap replicates with 31 workers...
  Valid bootstrap samples: 800/800
  Bootstrap p-value = 0.0000

Step 8: VERDICT
==================================================
  DISFAVORED
  Magnitude-only: p=0.0000 < 0.05, shared outside 95%

Generating outputs...
  Saved to: /home/primary/DarkBItParticleColiderPredictions/model_sweep/runs/babar_phi_f0_vs_phi_pipi

======================================================================
RANK-1 BOTTLENECK TEST: BaBar omega(1420)/omega(1650)
======================================================================

Step 1: Data Acquisition (HEPData)
--------------------------------------------------
  Channel A: 41 points, E=[1.20, 2.20] GeV
  Channel B: 21 points, E=[1.70, 2.20] GeV

Resonances: omega(1420) (1.420 GeV) / omega(1650) (1.670 GeV)
Likelihood: gaussian
Background: order 0

Step 2: Unconstrained Fits
--------------------------------------------------
  Fitting Channel A...
    r_A = 1.3438, φ_A = -99.7°
    χ²/dof = 0.007 (0.2/35) -> UNDERCONSTRAINED
  Fitting Channel B...
    r_B = 0.0819, φ_B = -122.8°
    χ²/dof = 0.000 (0.0/15) -> UNDERCONSTRAINED

Step 3: Fit Health Gates
--------------------------------------------------
  Channel A: UNDERCONSTRAINED
  Channel B: UNDERCONSTRAINED
  Overall: FAIL

Step 4: Optimizer Stability Audit
--------------------------------------------------
  Phase identifiable: False
  r stable: False

Step 5: Joint Constrained Fit
--------------------------------------------------
  Shared: r = 0.6680, φ = -101.2°
  NLL_unconstrained = 0.12
  NLL_constrained = 76.28
  Λ = 152.3254

Step 6: Profile Likelihood Contours
--------------------------------------------------
  Shared in A 95%: False
  Shared in B 95%: True

Step 7: Bootstrap SKIPPED (gates failed or optimizer unstable)

Step 8: VERDICT
==================================================
  MODEL MISMATCH
  Fit health gates failed: A=UNDERCONSTRAINED, B=UNDERCONSTRAINED

Generating outputs...
  Saved to: /home/primary/DarkBItParticleColiderPredictions/model_sweep/runs/babar_omega_1420_1650


======================================================================
GENERATING SUMMARY
======================================================================
  Saved CSV: /home/primary/DarkBItParticleColiderPredictions/model_sweep/out/MASTER_SUMMARY.csv
  Saved MD: /home/primary/DarkBItParticleColiderPredictions/model_sweep/out/MASTER_SUMMARY.md
  Saved JSON: /home/primary/DarkBItParticleColiderPredictions/model_sweep/out/all_results.json

======================================================================
SWEEP COMPLETE
======================================================================

Verdicts:
  DISFAVORED: 1
  MODEL MISMATCH: 1

Testable models:
  babar_phi_f0_vs_phi_pipi: DISFAVORED
  babar_omega_1420_1650: MODEL MISMATCH

Models requiring data requests:
