============================================================
RANK-1 BOTTLENECK POWER STUDY (FAST ASYMPTOTIC)
============================================================
Trials: 100
Stats levels: [1.0, 2.0, 4.0]
Workers: 31
============================================================

============================================================
Processing: di_charmonium_jpsi_jpsi_vs_jpsi_psi2s
============================================================

[1/18] Stats level = 1.0x
  Type I (M0): 0.051 +/- 0.022
  Power (M1): 0.887 +/- 0.032
  Power (M4): 0.206 +/- 0.041
  Lambda M0/M1/M4: 1.9/13.5/3.2
  Identifiability: 1.00
  Pass rate: 0.98

[2/18] Stats level = 2.0x
  Type I (M0): 0.244 +/- 0.047
  Power (M1): 1.000 +/- 0.000
  Power (M4): 0.318 +/- 0.050
  Lambda M0/M1/M4: 2.1/16.5/3.6
  Identifiability: 1.00
  Pass rate: 0.83

[3/18] Stats level = 4.0x
  Type I (M0): 0.108 +/- 0.034
  Power (M1): 1.000 +/- 0.000
  Power (M4): 0.517 +/- 0.054
  Lambda M0/M1/M4: 1.5/35.1/6.0
  Identifiability: 1.00
  Pass rate: 0.79

============================================================
Processing: di_charmonium_jpsi_psi2s_vs_psi2s_psi2s
============================================================

[4/18] Stats level = 1.0x
  Type I (M0): 0.083 +/- 0.040
  Power (M1): 0.778 +/- 0.052
  Power (M4): 0.222 +/- 0.057
  Lambda M0/M1/M4: 1.3/9.6/3.0
  Identifiability: 1.00
  Pass rate: 0.55

[5/18] Stats level = 2.0x
  Type I (M0): 0.091 +/- 0.031
  Power (M1): 0.946 +/- 0.023
  Power (M4): 0.284 +/- 0.048
  Lambda M0/M1/M4: 1.7/19.0/3.4
  Identifiability: 1.00
  Pass rate: 0.90

[6/18] Stats level = 4.0x
  Type I (M0): 0.165 +/- 0.040
  Power (M1): 1.000 +/- 0.000
  Power (M4): 0.236 +/- 0.045
  Lambda M0/M1/M4: 3.1/23.8/2.8
  Identifiability: 1.00
  Pass rate: 0.86

============================================================
Processing: pentaquark_jpsi_p_vs_etac_p
============================================================

[7/18] Stats level = 1.0x
  Type I (M0): 0.167 +/- 0.051
  Power (M1): 0.488 +/- 0.078
  Power (M4): 0.113 +/- 0.044
  Lambda M0/M1/M4: 2.4/5.9/2.0
  Identifiability: 1.00
  Pass rate: 0.49

[8/18] Stats level = 2.0x
  Type I (M0): 0.500 +/- 0.061
  Power (M1): 0.785 +/- 0.043
  Power (M4): 0.468 +/- 0.057
  Lambda M0/M1/M4: 5.9/12.3/5.8
  Identifiability: 1.00
  Pass rate: 0.79

[9/18] Stats level = 4.0x
  Type I (M0): 0.188 +/- 0.047
  Power (M1): 0.945 +/- 0.031
  Power (M4): 0.176 +/- 0.046
  Lambda M0/M1/M4: 2.5/17.3/3.0
  Identifiability: 1.00
  Pass rate: 0.64

============================================================
Processing: zc_like_pi_jpsi_vs_dd_star
============================================================

[10/18] Stats level = 1.0x
  Type I (M0): 0.058 +/- 0.028
  Power (M1): 0.868 +/- 0.041
  Power (M4): 0.205 +/- 0.047
  Lambda M0/M1/M4: 1.4/16.1/2.6
  Identifiability: 1.00
  Pass rate: 0.70

[11/18] Stats level = 2.0x
  Type I (M0): 0.074 +/- 0.027
  Power (M1): 1.000 +/- 0.000
  Power (M4): 0.284 +/- 0.046
  Lambda M0/M1/M4: 1.3/24.7/2.9
  Identifiability: 1.00
  Pass rate: 0.93

[12/18] Stats level = 4.0x
  Type I (M0): 0.062 +/- 0.024
  Power (M1): 1.000 +/- 0.000
  Power (M4): 0.313 +/- 0.047
  Lambda M0/M1/M4: 1.9/33.0/3.7
  Identifiability: 0.99
  Pass rate: 0.98

============================================================
Processing: y_state_pipi_jpsi_vs_pipi_hc
============================================================

[13/18] Stats level = 1.0x
  Type I (M0): 0.045 +/- 0.044
  Power (M1): 1.000 +/- 0.000
  Power (M4): 1.000 +/- 0.000
  Lambda M0/M1/M4: 0.8/228.7/40.3
  Identifiability: 1.00
  Pass rate: 0.25

[14/18] Stats level = 2.0x
  Type I (M0): 0.000 +/- 0.000
  Power (M1): 1.000 +/- 0.000
  Power (M4): 1.000 +/- 0.000
  Lambda M0/M1/M4: 2.1/205.7/26.9
  Identifiability: 1.00
  Pass rate: 0.79

[15/18] Stats level = 4.0x
  Type I (M0): nan +/- nan
  Power (M1): nan +/- nan
  Power (M4): nan +/- nan
  Lambda M0/M1/M4: nan/nan/nan
  Identifiability: nan
  Pass rate: 0.00

============================================================
Processing: bottomonium_pi_upsilon_vs_pi_hb
============================================================

[16/18] Stats level = 1.0x
  Type I (M0): 0.077 +/- 0.052
  Power (M1): 0.611 +/- 0.081
  Power (M4): 0.241 +/- 0.079
  Lambda M0/M1/M4: 2.2/7.6/2.3
  Identifiability: 1.00
  Pass rate: 0.30

[17/18] Stats level = 2.0x
  Type I (M0): 0.115 +/- 0.034
  Power (M1): 0.952 +/- 0.023
  Power (M4): 0.275 +/- 0.047
  Lambda M0/M1/M4: 2.1/15.8/4.0
  Identifiability: 1.00
  Pass rate: 0.87

[18/18] Stats level = 4.0x
  Type I (M0): 0.160 +/- 0.042
  Power (M1): 0.985 +/- 0.015
  Power (M4): 0.203 +/- 0.047
  Lambda M0/M1/M4: 2.8/18.3/3.0
  Identifiability: 1.00
  Pass rate: 0.72

Saved: out/POWER_TABLE.csv
Saved: out/POWER_TABLE.md
Saved: out/POWER_SUMMARY.md

============================================================
SWEEP COMPLETE
============================================================
